# JRE version: Java(TM) SE Runtime Environment (13.0.1+9) (build 13.0.1+9)
# Java VM: Java HotSpot(TM) 64-Bit Server VM (13.0.1+9, mixed mode, sharing, tiered, compressed oops, g1 gc, windows-amd64)
Heap:
 garbage-first heap   total 262144K, used 220823K [0x00000000e0000000, 0x0000000100000000)
  region size 1024K, 42 young (43008K), 2 survivors (2048K)
 Metaspace       used 110701K, capacity 112727K, committed 112984K, reserved 354304K
  class space    used 13157K, capacity 13842K, committed 13912K, reserved 253952K
GC Heap History (20 events):
Event: 133.164 GC heap before
{Heap before GC invocations=90 (full 0):
 garbage-first heap   total 262144K, used 186016K [0x00000000e0000000, 0x0000000100000000)
  region size 1024K, 95 young (97280K), 7 survivors (7168K)
 Metaspace       used 109159K, capacity 111168K, committed 111448K, reserved 352256K
  class space    used 12947K, capacity 13601K, committed 13656K, reserved 253952K
}
Event: 133.173 GC heap after
{Heap after GC invocations=91 (full 0):
 garbage-first heap   total 262144K, used 100182K [0x00000000e0000000, 0x0000000100000000)
  region size 1024K, 5 young (5120K), 5 survivors (5120K)
 Metaspace       used 109159K, capacity 111168K, committed 111448K, reserved 352256K
  class space    used 12947K, capacity 13601K, committed 13656K, reserved 253952K
}
Event: 133.645 GC heap before
{Heap before GC invocations=91 (full 0):
 garbage-first heap   total 262144K, used 191318K [0x00000000e0000000, 0x0000000100000000)
  region size 1024K, 94 young (96256K), 5 survivors (5120K)
 Metaspace       used 109161K, capacity 111168K, committed 111448K, reserved 352256K
  class space    used 12947K, capacity 13601K, committed 13656K, reserved 253952K
}
Event: 133.659 GC heap after
{Heap after GC invocations=92 (full 0):
 garbage-first heap   total 262144K, used 129639K [0x00000000e0000000, 0x0000000100000000)
  region size 1024K, 12 young (12288K), 12 survivors (12288K)
 Metaspace       used 109161K, capacity 111168K, committed 111448K, reserved 352256K
  class space    used 12947K, capacity 13601K, committed 13656K, reserved 253952K
}
Event: 133.944 GC heap before
{Heap before GC invocations=92 (full 0):
 garbage-first heap   total 262144K, used 195175K [0x00000000e0000000, 0x0000000100000000)
  region size 1024K, 76 young (77824K), 12 survivors (12288K)
 Metaspace       used 109163K, capacity 111168K, committed 111448K, reserved 352256K
  class space    used 12947K, capacity 13601K, committed 13656K, reserved 253952K
}
Event: 133.956 GC heap after
{Heap after GC invocations=93 (full 0):
 garbage-first heap   total 262144K, used 146432K [0x00000000e0000000, 0x0000000100000000)
  region size 1024K, 10 young (10240K), 10 survivors (10240K)
 Metaspace       used 109163K, capacity 111168K, committed 111448K, reserved 352256K
  class space    used 12947K, capacity 13601K, committed 13656K, reserved 253952K
}
Event: 134.208 GC heap before
{Heap before GC invocations=93 (full 0):
 garbage-first heap   total 262144K, used 197632K [0x00000000e0000000, 0x0000000100000000)
  region size 1024K, 60 young (61440K), 10 survivors (10240K)
 Metaspace       used 109163K, capacity 111168K, committed 111448K, reserved 352256K
  class space    used 12947K, capacity 13601K, committed 13656K, reserved 253952K
}
Event: 134.220 GC heap after
{Heap after GC invocations=94 (full 0):
 garbage-first heap   total 262144K, used 167424K [0x00000000e0000000, 0x0000000100000000)
  region size 1024K, 8 young (8192K), 8 survivors (8192K)
 Metaspace       used 109163K, capacity 111168K, committed 111448K, reserved 352256K
  class space    used 12947K, capacity 13601K, committed 13656K, reserved 253952K
}
Event: 134.397 GC heap before
{Heap before GC invocations=94 (full 0):
 garbage-first heap   total 262144K, used 204288K [0x00000000e0000000, 0x0000000100000000)
  region size 1024K, 44 young (45056K), 8 survivors (8192K)
 Metaspace       used 109163K, capacity 111168K, committed 111448K, reserved 352256K
  class space    used 12947K, capacity 13601K, committed 13656K, reserved 253952K
}
Event: 134.405 GC heap after
{Heap after GC invocations=95 (full 0):
 garbage-first heap   total 262144K, used 180224K [0x00000000e0000000, 0x0000000100000000)
  region size 1024K, 6 young (6144K), 6 survivors (6144K)
 Metaspace       used 109163K, capacity 111168K, committed 111448K, reserved 352256K
  class space    used 12947K, capacity 13601K, committed 13656K, reserved 253952K
}
Event: 134.946 GC heap before
{Heap before GC invocations=95 (full 0):
 garbage-first heap   total 262144K, used 209920K [0x00000000e0000000, 0x0000000100000000)
  region size 1024K, 35 young (35840K), 6 survivors (6144K)
 Metaspace       used 109163K, capacity 111168K, committed 111448K, reserved 352256K
  class space    used 12947K, capacity 13601K, committed 13656K, reserved 253952K
}
Event: 134.950 GC heap after
{Heap after GC invocations=96 (full 0):
 garbage-first heap   total 262144K, used 175437K [0x00000000e0000000, 0x0000000100000000)
  region size 1024K, 2 young (2048K), 2 survivors (2048K)
 Metaspace       used 109163K, capacity 111168K, committed 111448K, reserved 352256K
  class space    used 12947K, capacity 13601K, committed 13656K, reserved 253952K
}
Event: 135.099 GC heap before
{Heap before GC invocations=96 (full 0):
 garbage-first heap   total 262144K, used 209229K [0x00000000e0000000, 0x0000000100000000)
  region size 1024K, 35 young (35840K), 2 survivors (2048K)
 Metaspace       used 109165K, capacity 111168K, committed 111448K, reserved 352256K
  class space    used 12947K, capacity 13601K, committed 13656K, reserved 253952K
}
Event: 135.103 GC heap after
{Heap after GC invocations=97 (full 0):
 garbage-first heap   total 262144K, used 181248K [0x00000000e0000000, 0x0000000100000000)
  region size 1024K, 5 young (5120K), 5 survivors (5120K)
 Metaspace       used 109165K, capacity 111168K, committed 111448K, reserved 352256K
  class space    used 12947K, capacity 13601K, committed 13656K, reserved 253952K
}
Event: 135.247 GC heap before
{Heap before GC invocations=97 (full 0):
 garbage-first heap   total 262144K, used 212992K [0x00000000e0000000, 0x0000000100000000)
  region size 1024K, 36 young (36864K), 5 survivors (5120K)
 Metaspace       used 109166K, capacity 111168K, committed 111448K, reserved 352256K
  class space    used 12947K, capacity 13601K, committed 13656K, reserved 253952K
}
Event: 135.249 GC heap after
{Heap after GC invocations=98 (full 0):
 garbage-first heap   total 262144K, used 177203K [0x00000000e0000000, 0x0000000100000000)
  region size 1024K, 1 young (1024K), 1 survivors (1024K)
 Metaspace       used 109166K, capacity 111168K, committed 111448K, reserved 352256K
  class space    used 12947K, capacity 13601K, committed 13656K, reserved 253952K
}
Event: 135.427 GC heap before
{Heap before GC invocations=98 (full 0):
 garbage-first heap   total 262144K, used 214067K [0x00000000e0000000, 0x0000000100000000)
  region size 1024K, 37 young (37888K), 1 survivors (1024K)
 Metaspace       used 109166K, capacity 111168K, committed 111448K, reserved 352256K
  class space    used 12947K, capacity 13601K, committed 13656K, reserved 253952K
}
Event: 135.428 GC heap after
{Heap after GC invocations=99 (full 0):
 garbage-first heap   total 262144K, used 177576K [0x00000000e0000000, 0x0000000100000000)
  region size 1024K, 1 young (1024K), 1 survivors (1024K)
 Metaspace       used 109166K, capacity 111168K, committed 111448K, reserved 352256K
  class space    used 12947K, capacity 13601K, committed 13656K, reserved 253952K
}
Event: 135.584 GC heap before
{Heap before GC invocations=99 (full 0):
 garbage-first heap   total 262144K, used 217512K [0x00000000e0000000, 0x0000000100000000)
  region size 1024K, 40 young (40960K), 1 survivors (1024K)
 Metaspace       used 109167K, capacity 111168K, committed 111448K, reserved 352256K
  class space    used 12947K, capacity 13601K, committed 13656K, reserved 253952K
}
Event: 135.585 GC heap after
{Heap after GC invocations=100 (full 0):
 garbage-first heap   total 262144K, used 177815K [0x00000000e0000000, 0x0000000100000000)
  region size 1024K, 2 young (2048K), 2 survivors (2048K)
 Metaspace       used 109167K, capacity 111168K, committed 111448K, reserved 352256K
  class space    used 12947K, capacity 13601K, committed 13656K, reserved 253952K
}

